
----------------------------
--- Help improve Quarkus ---
----------------------------
* Learn more: https://quarkus.io/usage/
* Do you agree to contribute anonymous build time data to the Quarkus community? (y/n and enter) 
[info] [Quarkus build analytics] Didn't receive a valid user's answer: `y` or `n`. The question will be asked again next time.

Listening for transport dt_socket at address: 5005
Press [e] to edit command line args (currently ''), [h] for more options>
Tests paused
Press [e] to edit command line args (currently ''), [r] to resume testing, [h] for more options>
Press [e] to edit command line args (currently ''), [r] to resume testing, [o] Toggle test output, [h] for more options>
__  ____  __  _____   ___  __ ____  ______ 
 --/ __ \/ / / / _ | / _ \/ //_/ / / / __/ 
 -/ /_/ / /_/ / __ |/ , _/ ,< / /_/ /\ \   
--\___\_\____/_/ |_/_/|_/_/|_|\____/___/   
2026-07-10 23:39:30,931 INFO  [org.fly.cor.FlywayExecutor] (Quarkus Main Thread) Database: jdbc:h2:mem:balabank (H2 2.3)
2026-07-10 23:39:30,936 WARN  [org.fly.cor.int.dat.bas.Database] (Quarkus Main Thread) Flyway upgrade recommended: H2 2.3.230 is newer than this version of Flyway and support has not been tested. The latest supported version of H2 is 2.2.224.
2026-07-10 23:39:30,952 INFO  [org.fly.cor.int.sch.JdbcTableSchemaHistory] (Quarkus Main Thread) Schema history table "PUBLIC"."flyway_schema_history" does not exist yet
2026-07-10 23:39:30,954 INFO  [org.fly.cor.int.com.DbValidate] (Quarkus Main Thread) Successfully validated 4 migrations (execution time 00:00.010s)
2026-07-10 23:39:30,958 INFO  [org.fly.cor.int.sch.JdbcTableSchemaHistory] (Quarkus Main Thread) Creating Schema History table "PUBLIC"."flyway_schema_history" ...
2026-07-10 23:39:30,975 INFO  [org.fly.cor.int.com.DbMigrate] (Quarkus Main Thread) Current version of schema "PUBLIC": << Empty Schema >>
2026-07-10 23:39:30,981 INFO  [org.fly.cor.int.com.DbMigrate] (Quarkus Main Thread) Migrating schema "PUBLIC" to version "1 - schema"
2026-07-10 23:39:30,992 INFO  [org.fly.cor.int.com.DbMigrate] (Quarkus Main Thread) Migrating schema "PUBLIC" to version "2 - seed"
2026-07-10 23:39:31,000 INFO  [org.fly.cor.int.com.DbMigrate] (Quarkus Main Thread) Migrating schema "PUBLIC" to version "3 - aisp extended"
2026-07-10 23:39:31,019 INFO  [org.fly.cor.int.com.DbMigrate] (Quarkus Main Thread) Migrating schema "PUBLIC" to version "4 - pis cbpii events"
2026-07-10 23:39:31,030 INFO  [org.fly.cor.int.com.DbMigrate] (Quarkus Main Thread) Successfully applied 4 migrations to schema "PUBLIC", now at version v4 (execution time 00:00.027s)
2026-07-10 23:39:31,440 ERROR [io.qua.hib.orm.run.sch.SchemaManagementIntegrator] (Hibernate post-boot validation thread for <default>) Failed to validate Schema: Schema-validation: sequence [balance_seq] defined inconsistent increment-size; found [1] but expecting [50]
2026-07-10 23:39:31,448 ERROR [io.qua.hib.orm.run.sch.SchemaManagementIntegrator] (Hibernate post-boot validation thread for <default>) The following SQL may resolve the database issues, as generated by the Hibernate schema migration tool. WARNING: You must manually verify this SQL is correct, this is a best effort guess, do not copy/paste it without verifying that it does what you expect.

alter table if exists account alter column account_id set data type varchar(255);
alter table if exists account alter column account_sub_type set data type varchar(255);
alter table if exists account alter column account_type set data type varchar(255);
alter table if exists account alter column currency set data type varchar(255);
alter table if exists account alter column customer_id set data type varchar(255);
alter table if exists account alter column identification set data type varchar(255);
alter table if exists account alter column name set data type varchar(255);
alter table if exists account alter column nickname set data type varchar(255);
alter table if exists account alter column status set data type varchar(255);
alter table if exists account_access_consent alter column consent_id set data type varchar(255);
alter table if exists account_access_consent alter column customer_id set data type varchar(255);
alter table if exists account_access_consent alter column permissions set data type varchar(255);
alter table if exists account_access_consent alter column status set data type varchar(255);
alter table if exists balance alter column account_id set data type varchar(255);
alter table if exists balance alter column amount set data type numeric(38,2);
alter table if exists balance alter column credit_debit_indicator set data type varchar(255);
alter table if exists balance alter column currency set data type varchar(255);
alter table if exists balance alter column type set data type varchar(255);
alter table if exists beneficiary alter column account_id set data type varchar(255);
alter table if exists beneficiary alter column account_identification set data type varchar(255);
alter table if exists beneficiary alter column account_name set data type varchar(255);
alter table if exists beneficiary alter column account_sort_code set data type varchar(255);
alter table if exists beneficiary alter column beneficiary_id set data type varchar(255);
alter table if exists beneficiary alter column reference set data type varchar(255);
alter table if exists callback_url alter column callback_url_id set data type varchar(255);
alter table if exists callback_url alter column client_id set data type varchar(255);
alter table if exists callback_url alter column url set data type varchar(255);
alter table if exists callback_url alter column version set data type varchar(255);
alter table if exists direct_debit alter column account_id set data type varchar(255);
alter table if exists direct_debit alter column direct_debit_id set data type varchar(255);
alter table if exists direct_debit alter column frequency set data type varchar(255);
alter table if exists direct_debit alter column name set data type varchar(255);
alter table if exists direct_debit alter column previous_payment_amount set data type numeric(38,2);
alter table if exists direct_debit alter column previous_payment_currency set data type varchar(255);
alter table if exists direct_debit alter column status set data type varchar(255);
alter table if exists domestic_scheduled_payment alter column scheduled_payment_id set data type varchar(255);
alter table if exists domestic_scheduled_payment alter column consent_id set data type varchar(255);
alter table if exists domestic_standing_order alter column standing_order_id set data type varchar(255);
alter table if exists domestic_standing_order alter column consent_id set data type varchar(255);
alter table if exists domestic_standing_order alter column status set data type varchar(255);
alter table if exists event_subscription alter column subscription_id set data type varchar(255);
alter table if exists event_subscription alter column callback_url set data type varchar(255);
alter table if exists event_subscription alter column client_id set data type varchar(255);
alter table if exists event_subscription alter column event_types set data type varchar(255);
alter table if exists event_subscription alter column version set data type varchar(255);
alter table if exists funds_confirmation_consent alter column consent_id set data type varchar(255);
alter table if exists funds_confirmation_consent alter column debtor_account_id set data type varchar(255);
alter table if exists international_payment alter column international_payment_id set data type varchar(255);
alter table if exists international_payment alter column consent_id set data type varchar(255);
alter table if exists international_payment_consent alter column consent_id set data type varchar(255);
alter table if exists international_payment_consent alter column creditor_account_identification set data type varchar(255);
alter table if exists international_payment_consent alter column creditor_account_name set data type varchar(255);
alter table if exists international_payment_consent alter column creditor_agent_bic set data type varchar(255);
alter table if exists international_payment_consent alter column debtor_account_id set data type varchar(255);
alter table if exists international_payment_consent alter column instructed_amount set data type numeric(38,2);
alter table if exists international_payment_consent alter column instructed_currency set data type varchar(255);
alter table if exists international_payment_consent alter column reference set data type varchar(255);
alter table if exists offer alter column account_id set data type varchar(255);
alter table if exists offer alter column amount set data type numeric(38,2);
alter table if exists offer alter column currency set data type varchar(255);
alter table if exists offer alter column description set data type varchar(255);
alter table if exists offer alter column offer_id set data type varchar(255);
alter table if exists offer alter column offer_type set data type varchar(255);
alter table if exists party alter column account_id set data type varchar(255);
alter table if exists party alter column customer_id set data type varchar(255);
alter table if exists party alter column email_address set data type varchar(255);
alter table if exists party alter column full_legal_name set data type varchar(255);
alter table if exists party alter column party_id set data type varchar(255);
alter table if exists party alter column party_number set data type varchar(255);
alter table if exists party alter column party_type set data type varchar(255);
alter table if exists party alter column phone_number set data type varchar(255);
alter table if exists payment alter column payment_id set data type varchar(255);
alter table if exists payment alter column consent_id set data type varchar(255);
alter table if exists payment_consent alter column consent_id set data type varchar(255);
alter table if exists payment_consent alter column amount set data type numeric(38,2);
alter table if exists payment_consent alter column creditor_identification set data type varchar(255);
alter table if exists payment_consent alter column creditor_name set data type varchar(255);
alter table if exists payment_consent alter column currency set data type varchar(255);
alter table if exists payment_consent alter column debtor_account_id set data type varchar(255);
alter table if exists payment_consent alter column reference set data type varchar(255);
alter table if exists product alter column account_id set data type varchar(255);
alter table if exists product alter column marketing_state set data type varchar(255);
alter table if exists product alter column product_id set data type varchar(255);
alter table if exists product alter column product_name set data type varchar(255);
alter table if exists product alter column product_type set data type varchar(255);
alter table if exists scheduled_payment alter column account_id set data type varchar(255);
alter table if exists scheduled_payment alter column amount set data type numeric(38,2);
alter table if exists scheduled_payment alter column creditor_identification set data type varchar(255);
alter table if exists scheduled_payment alter column creditor_name set data type varchar(255);
alter table if exists scheduled_payment alter column currency set data type varchar(255);
alter table if exists scheduled_payment alter column reference set data type varchar(255);
alter table if exists scheduled_payment alter column scheduled_payment_id set data type varchar(255);
alter table if exists scheduled_payment alter column scheduled_type set data type varchar(255);
alter table if exists scheduled_payment_consent alter column consent_id set data type varchar(255);
alter table if exists scheduled_payment_consent alter column amount set data type numeric(38,2);
alter table if exists scheduled_payment_consent alter column creditor_identification set data type varchar(255);
alter table if exists scheduled_payment_consent alter column creditor_name set data type varchar(255);
alter table if exists scheduled_payment_consent alter column currency set data type varchar(255);
alter table if exists scheduled_payment_consent alter column debtor_account_id set data type varchar(255);
alter table if exists scheduled_payment_consent alter column reference set data type varchar(255);
alter table if exists standing_order alter column account_id set data type varchar(255);
alter table if exists standing_order alter column creditor_identification set data type varchar(255);
alter table if exists standing_order alter column creditor_name set data type varchar(255);
alter table if exists standing_order alter column final_payment_amount set data type numeric(38,2);
alter table if exists standing_order alter column final_payment_currency set data type varchar(255);
alter table if exists standing_order alter column frequency set data type varchar(255);
alter table if exists standing_order alter column next_payment_amount set data type numeric(38,2);
alter table if exists standing_order alter column next_payment_currency set data type varchar(255);
alter table if exists standing_order alter column standing_order_id set data type varchar(255);
alter table if exists standing_order alter column status set data type varchar(255);
alter table if exists standing_order_consent alter column consent_id set data type varchar(255);
alter table if exists standing_order_consent alter column creditor_identification set data type varchar(255);
alter table if exists standing_order_consent alter column creditor_name set data type varchar(255);
alter table if exists standing_order_consent alter column currency set data type varchar(255);
alter table if exists standing_order_consent alter column debtor_account_id set data type varchar(255);
alter table if exists standing_order_consent alter column first_payment_amount set data type numeric(38,2);
alter table if exists standing_order_consent alter column frequency set data type varchar(255);
alter table if exists standing_order_consent alter column reference set data type varchar(255);
alter table if exists statement alter column account_id set data type varchar(255);
alter table if exists statement alter column statement_id set data type varchar(255);
alter table if exists statement alter column statement_type set data type varchar(255);
alter table if exists transaction alter column account_id set data type varchar(255);
alter table if exists transaction alter column amount set data type numeric(38,2);
alter table if exists transaction alter column credit_debit_indicator set data type varchar(255);
alter table if exists transaction alter column currency set data type varchar(255);
alter table if exists transaction alter column status set data type varchar(255);
alter table if exists transaction alter column transaction_information set data type varchar(255);

2026-07-10 23:39:31,508 INFO  [io.quarkus] (Quarkus Main Thread) bala-bank 1.0.0-SNAPSHOT on JVM (powered by Quarkus 3.15.1) started in 3.718s. Listening on: http://localhost:8082
2026-07-10 23:39:31,510 INFO  [io.quarkus] (Quarkus Main Thread) Profile dev activated. Live Coding activated.
2026-07-10 23:39:31,510 INFO  [io.quarkus] (Quarkus Main Thread) Installed features: [agroal, cdi, flyway, hibernate-orm, hibernate-orm-panache, jdbc-h2, jdbc-postgresql, narayana-jta, rest, rest-jackson, security, smallrye-context-propagation, smallrye-health, smallrye-jwt, smallrye-openapi, swagger-ui, vertx]
